<?xml version="1.0" encoding="UTF-8"?>
<testng-results ignored="0" total="1" passed="1" failed="0" skipped="0">
  <reporter-output>
  </reporter-output>
  <suite started-at="2024-06-24T18:22:17 IST" name="Automation Testing" finished-at="2024-06-24T18:23:20 IST" duration-ms="62778">
    <groups>
    </groups>
    <test started-at="2024-06-24T18:22:17 IST" name="BankingApp Test" finished-at="2024-06-24T18:23:20 IST" duration-ms="62778">
      <class name="com.bankingAutomation.testCases.TC_LoginTest_001">
        <test-method is-config="true" signature="setup(java.lang.String)[pri:0, instance:com.bankingAutomation.testCases.TC_LoginTest_001@55b699ef]" started-at="2024-06-24T18:22:18 IST" name="setup" finished-at="2024-06-24T18:22:53 IST" duration-ms="34971" status="PASS">
          <params>
            <param index="0">
              <value>
                <![CDATA[Chrome]]>
              </value>
            </param>
          </params>
          <reporter-output>
          </reporter-output>
        </test-method> <!-- setup -->
        <test-method signature="LoginTest()[pri:0, instance:com.bankingAutomation.testCases.TC_LoginTest_001@55b699ef]" started-at="2024-06-24T18:22:53 IST" name="LoginTest" finished-at="2024-06-24T18:23:18 IST" duration-ms="24987" status="PASS">
          <reporter-output>
          </reporter-output>
        </test-method> <!-- LoginTest -->
        <test-method is-config="true" signature="teardown()[pri:0, instance:com.bankingAutomation.testCases.TC_LoginTest_001@55b699ef]" started-at="2024-06-24T18:23:18 IST" name="teardown" finished-at="2024-06-24T18:23:20 IST" duration-ms="1466" status="PASS">
          <reporter-output>
          </reporter-output>
        </test-method> <!-- teardown -->
      </class> <!-- com.bankingAutomation.testCases.TC_LoginTest_001 -->
    </test> <!-- BankingApp Test -->
  </suite> <!-- Automation Testing -->
</testng-results>
